<?xml version="1.0" encoding="UTF-8"?>
<testsuite xmlns:xsi="http://www.w3.org/2001/XMLSchema-instance" xsi:noNamespaceSchemaLocation="https://maven.apache.org/surefire/maven-surefire-plugin/xsd/surefire-test-report-3.0.xsd" version="3.0" name="fr.univrouen.stb23v1.Stb23v1ApplicationTests" time="2.28" tests="1" errors="0" skipped="0" failures="0">
  <properties>
[...]
</properties>
  <testcase name="contextLoads" classname="fr.univrouen.stb23v1.Stb23v1ApplicationTests" time="0.751">
    <system-out><![CDATA[15:42:05.322 [main] INFO org.springframework.test.context.support.AnnotationConfigContextLoaderUtils -- Could not detect default configuration classes for test class [fr.univrouen.stb23v1.Stb23v1ApplicationTests]: Stb23v1ApplicationTests does not declare any static, non-private, non-final, nested classes annotated with @Configuration.
15:42:05.406 [main] INFO org.springframework.boot.test.context.SpringBootTestContextBootstrapper -- Found @SpringBootConfiguration fr.univrouen.stb23v1.Stb23v1Application for test class fr.univrouen.stb23v1.Stb23v1ApplicationTests

  .   ____          _            __ _ _
 /\\ / ___'_ __ _ _(_)_ __  __ _ \ \ \ \
( ( )\___ | '_ | '_| | '_ \/ _` | \ \ \ \
 \\/  ___)| |_)| | | | | || (_| |  ) ) ) )
  '  |____| .__|_| |_|_| |_\__, | / / / /
 =========|_|==============|___/=/_/_/_/
 :: Spring Boot ::       (v3.1.0-SNAPSHOT)

2023-05-23T15:42:05.731+02:00  INFO 8924 --- [           main] f.u.stb23v1.Stb23v1ApplicationTests      : Starting Stb23v1ApplicationTests using Java 17.0.6 with PID 8924 (started by Hitowa in c:\Users\Hitowa\Desktop\XML\stb23v1-REST-Service)
2023-05-23T15:42:05.733+02:00  INFO 8924 --- [           main] f.u.stb23v1.Stb23v1ApplicationTests      : No active profile set, falling back to 1 default profile: "default"
2023-05-23T15:42:06.706+02:00  INFO 8924 --- [           main] f.u.stb23v1.Stb23v1ApplicationTests      : Started Stb23v1ApplicationTests in 1.192 seconds (process running for 1.957)
]]></system-out>
  </testcase>
</testsuite>